<?xml version="1.0" encoding="UTF-8"?>
<!-- Generated by org.testng.reporters.JUnitReportReporter -->
<testsuite skipped="0" hostname="US5CG7192HT9" name="qaclickacademy.Test1" tests="2" failures="0" timestamp="14 Jun 2019 07:20:37 GMT" time="0.002" errors="0">
  <testcase name="MobileAutomation" time="0.001" classname="qaclickacademy.Test1"/>
  <testcase name="browserAutomation" time="0.001" classname="qaclickacademy.Test1"/>
</testsuite> <!-- qaclickacademy.Test1 -->
