<?xml version="1.0" encoding="UTF-8"?>
<!-- Generated by org.testng.reporters.JUnitReportReporter -->
<testsuite skipped="0" hostname="US5CG7192HT9" name="qaclickacademy.Test2" tests="3" failures="0" timestamp="14 Jun 2019 07:20:37 GMT" time="0.042" errors="0">
  <testcase name="StudyloanTest" time="0.001" classname="qaclickacademy.Test2"/>
  <testcase name="HomeloanTest" time="0.039" classname="qaclickacademy.Test2"/>
  <testcase name="carloanTest" time="0.002" classname="qaclickacademy.Test2"/>
</testsuite> <!-- qaclickacademy.Test2 -->
